2018-11-19 21:28:39 DEBUG StandardEnvironment:112 - Initializing new StandardEnvironment
2018-11-19 21:28:39 DEBUG StandardEnvironment:107 - Adding [systemProperties] PropertySource with lowest search precedence
2018-11-19 21:28:39 DEBUG StandardEnvironment:107 - Adding [systemEnvironment] PropertySource with lowest search precedence
2018-11-19 21:28:39 DEBUG StandardEnvironment:116 - Initialized StandardEnvironment with PropertySources [systemProperties,systemEnvironment]
2018-11-19 21:28:39 INFO  ClassPathXmlApplicationContext:510 - Refreshing org.springframework.context.support.ClassPathXmlApplicationContext@3b95a09c: startup date [Mon Nov 19 21:28:39 WET 2018]; root of context hierarchy
2018-11-19 21:28:39 DEBUG StandardEnvironment:112 - Initializing new StandardEnvironment
2018-11-19 21:28:39 DEBUG StandardEnvironment:107 - Adding [systemProperties] PropertySource with lowest search precedence
2018-11-19 21:28:39 DEBUG StandardEnvironment:107 - Adding [systemEnvironment] PropertySource with lowest search precedence
2018-11-19 21:28:39 DEBUG StandardEnvironment:116 - Initialized StandardEnvironment with PropertySources [systemProperties,systemEnvironment]
2018-11-19 21:28:39 DEBUG StandardEnvironment:112 - Initializing new StandardEnvironment
2018-11-19 21:28:39 DEBUG StandardEnvironment:107 - Adding [systemProperties] PropertySource with lowest search precedence
2018-11-19 21:28:39 DEBUG StandardEnvironment:107 - Adding [systemEnvironment] PropertySource with lowest search precedence
2018-11-19 21:28:39 DEBUG StandardEnvironment:116 - Initialized StandardEnvironment with PropertySources [systemProperties,systemEnvironment]
2018-11-19 21:28:39 INFO  XmlBeanDefinitionReader:315 - Loading XML bean definitions from class path resource [SpringBeans.xml]
2018-11-19 21:28:39 DEBUG DefaultDocumentLoader:72 - Using JAXP provider [com.sun.org.apache.xerces.internal.jaxp.DocumentBuilderFactoryImpl]
2018-11-19 21:28:39 DEBUG PluggableSchemaResolver:140 - Loading schema mappings from [META-INF/spring.schemas]
2018-11-19 21:28:39 DEBUG PluggableSchemaResolver:146 - Loaded schema mappings: {http://www.springframework.org/schema/util/spring-util.xsd=org/springframework/beans/factory/xml/spring-util-3.2.xsd, http://www.springframework.org/schema/jee/spring-jee-3.2.xsd=org/springframework/ejb/config/spring-jee-3.2.xsd, http://www.springframework.org/schema/beans/spring-beans-3.1.xsd=org/springframework/beans/factory/xml/spring-beans-3.1.xsd, http://www.springframework.org/schema/task/spring-task.xsd=org/springframework/scheduling/config/spring-task-3.2.xsd, http://www.springframework.org/schema/cache/spring-cache.xsd=org/springframework/cache/config/spring-cache-3.2.xsd, http://www.springframework.org/schema/aop/spring-aop-3.0.xsd=org/springframework/aop/config/spring-aop-3.0.xsd, http://www.springframework.org/schema/task/spring-task-3.1.xsd=org/springframework/scheduling/config/spring-task-3.1.xsd, http://www.springframework.org/schema/aop/spring-aop-2.0.xsd=org/springframework/aop/config/spring-aop-2.0.xsd, http://www.springframework.org/schema/tool/spring-tool-2.5.xsd=org/springframework/beans/factory/xml/spring-tool-2.5.xsd, http://www.springframework.org/schema/beans/spring-beans.xsd=org/springframework/beans/factory/xml/spring-beans-3.2.xsd, http://www.springframework.org/schema/jee/spring-jee-2.5.xsd=org/springframework/ejb/config/spring-jee-2.5.xsd, http://www.springframework.org/schema/tool/spring-tool-3.1.xsd=org/springframework/beans/factory/xml/spring-tool-3.1.xsd, http://www.springframework.org/schema/jee/spring-jee-3.1.xsd=org/springframework/ejb/config/spring-jee-3.1.xsd, http://www.springframework.org/schema/aop/spring-aop.xsd=org/springframework/aop/config/spring-aop-3.2.xsd, http://www.springframework.org/schema/context/spring-context-3.2.xsd=org/springframework/context/config/spring-context-3.2.xsd, http://www.springframework.org/schema/util/spring-util-3.2.xsd=org/springframework/beans/factory/xml/spring-util-3.2.xsd, http://www.springframework.org/schema/beans/spring-beans-2.0.xsd=org/springframework/beans/factory/xml/spring-beans-2.0.xsd, http://www.springframework.org/schema/lang/spring-lang-3.2.xsd=org/springframework/scripting/config/spring-lang-3.2.xsd, http://www.springframework.org/schema/beans/spring-beans-3.0.xsd=org/springframework/beans/factory/xml/spring-beans-3.0.xsd, http://www.springframework.org/schema/cache/spring-cache-3.2.xsd=org/springframework/cache/config/spring-cache-3.2.xsd, http://www.springframework.org/schema/task/spring-task-3.0.xsd=org/springframework/scheduling/config/spring-task-3.0.xsd, http://www.springframework.org/schema/context/spring-context-2.5.xsd=org/springframework/context/config/spring-context-2.5.xsd, http://www.springframework.org/schema/tool/spring-tool-3.0.xsd=org/springframework/beans/factory/xml/spring-tool-3.0.xsd, http://www.springframework.org/schema/util/spring-util-2.5.xsd=org/springframework/beans/factory/xml/spring-util-2.5.xsd, http://www.springframework.org/schema/tool/spring-tool-2.0.xsd=org/springframework/beans/factory/xml/spring-tool-2.0.xsd, http://www.springframework.org/schema/lang/spring-lang.xsd=org/springframework/scripting/config/spring-lang-3.2.xsd, http://www.springframework.org/schema/lang/spring-lang-2.5.xsd=org/springframework/scripting/config/spring-lang-2.5.xsd, http://www.springframework.org/schema/aop/spring-aop-3.2.xsd=org/springframework/aop/config/spring-aop-3.2.xsd, http://www.springframework.org/schema/jee/spring-jee-3.0.xsd=org/springframework/ejb/config/spring-jee-3.0.xsd, http://www.springframework.org/schema/jee/spring-jee-2.0.xsd=org/springframework/ejb/config/spring-jee-2.0.xsd, http://www.springframework.org/schema/context/spring-context-3.1.xsd=org/springframework/context/config/spring-context-3.1.xsd, http://www.springframework.org/schema/util/spring-util-3.1.xsd=org/springframework/beans/factory/xml/spring-util-3.1.xsd, http://www.springframework.org/schema/lang/spring-lang-3.1.xsd=org/springframework/scripting/config/spring-lang-3.1.xsd, http://www.springframework.org/schema/cache/spring-cache-3.1.xsd=org/springframework/cache/config/spring-cache-3.1.xsd, http://www.springframework.org/schema/context/spring-context.xsd=org/springframework/context/config/spring-context-3.2.xsd, http://www.springframework.org/schema/jee/spring-jee.xsd=org/springframework/ejb/config/spring-jee-3.2.xsd, http://www.springframework.org/schema/aop/spring-aop-2.5.xsd=org/springframework/aop/config/spring-aop-2.5.xsd, http://www.springframework.org/schema/beans/spring-beans-3.2.xsd=org/springframework/beans/factory/xml/spring-beans-3.2.xsd, http://www.springframework.org/schema/aop/spring-aop-3.1.xsd=org/springframework/aop/config/spring-aop-3.1.xsd, http://www.springframework.org/schema/task/spring-task-3.2.xsd=org/springframework/scheduling/config/spring-task-3.2.xsd, http://www.springframework.org/schema/context/spring-context-3.0.xsd=org/springframework/context/config/spring-context-3.0.xsd, http://www.springframework.org/schema/tool/spring-tool.xsd=org/springframework/beans/factory/xml/spring-tool-3.2.xsd, http://www.springframework.org/schema/util/spring-util-3.0.xsd=org/springframework/beans/factory/xml/spring-util-3.0.xsd, http://www.springframework.org/schema/util/spring-util-2.0.xsd=org/springframework/beans/factory/xml/spring-util-2.0.xsd, http://www.springframework.org/schema/lang/spring-lang-3.0.xsd=org/springframework/scripting/config/spring-lang-3.0.xsd, http://www.springframework.org/schema/lang/spring-lang-2.0.xsd=org/springframework/scripting/config/spring-lang-2.0.xsd, http://www.springframework.org/schema/tool/spring-tool-3.2.xsd=org/springframework/beans/factory/xml/spring-tool-3.2.xsd, http://www.springframework.org/schema/beans/spring-beans-2.5.xsd=org/springframework/beans/factory/xml/spring-beans-2.5.xsd}
2018-11-19 21:28:39 DEBUG PluggableSchemaResolver:118 - Found XML schema [http://www.springframework.org/schema/beans/spring-beans-3.0.xsd] in classpath: org/springframework/beans/factory/xml/spring-beans-3.0.xsd
2018-11-19 21:28:39 DEBUG DefaultBeanDefinitionDocumentReader:106 - Loading bean definitions
2018-11-19 21:28:39 DEBUG BeanDefinitionParserDelegate:500 - Neither XML 'id' nor 'name' specified - using generated bean name [com.springExmpl.beans.SimpleBeanPostProcessor#0]
2018-11-19 21:28:39 DEBUG BeanDefinitionParserDelegate:500 - Neither XML 'id' nor 'name' specified - using generated bean name [com.springExmpl.beans.SimpleBeanPostProcessor2#0]
2018-11-19 21:28:39 DEBUG XmlBeanDefinitionReader:216 - Loaded 4 bean definitions from location pattern [SpringBeans.xml]
2018-11-19 21:28:39 DEBUG ClassPathXmlApplicationContext:540 - Bean factory for org.springframework.context.support.ClassPathXmlApplicationContext@3b95a09c: org.springframework.beans.factory.support.DefaultListableBeanFactory@246ae04d: defining beans [articleDataBean,com.springExmpl.beans.SimpleBeanPostProcessor#0,com.springExmpl.beans.SimpleBeanPostProcessor2#0,articleMetierBean]; root of factory hierarchy
2018-11-19 21:28:39 DEBUG DefaultListableBeanFactory:215 - Creating shared instance of singleton bean 'com.springExmpl.beans.SimpleBeanPostProcessor#0'
2018-11-19 21:28:39 DEBUG DefaultListableBeanFactory:435 - Creating instance of bean 'com.springExmpl.beans.SimpleBeanPostProcessor#0'
2018-11-19 21:28:39 DEBUG DefaultListableBeanFactory:509 - Eagerly caching bean 'com.springExmpl.beans.SimpleBeanPostProcessor#0' to allow for resolving potential circular references
2018-11-19 21:28:39 DEBUG DefaultListableBeanFactory:463 - Finished creating instance of bean 'com.springExmpl.beans.SimpleBeanPostProcessor#0'
2018-11-19 21:28:39 DEBUG DefaultListableBeanFactory:215 - Creating shared instance of singleton bean 'com.springExmpl.beans.SimpleBeanPostProcessor2#0'
2018-11-19 21:28:39 DEBUG DefaultListableBeanFactory:435 - Creating instance of bean 'com.springExmpl.beans.SimpleBeanPostProcessor2#0'
2018-11-19 21:28:39 DEBUG DefaultListableBeanFactory:509 - Eagerly caching bean 'com.springExmpl.beans.SimpleBeanPostProcessor2#0' to allow for resolving potential circular references
2018-11-19 21:28:39 DEBUG DefaultListableBeanFactory:463 - Finished creating instance of bean 'com.springExmpl.beans.SimpleBeanPostProcessor2#0'
2018-11-19 21:28:39 DEBUG ClassPathXmlApplicationContext:807 - Unable to locate MessageSource with name 'messageSource': using default [org.springframework.context.support.DelegatingMessageSource@2b98378d]
2018-11-19 21:28:39 DEBUG ClassPathXmlApplicationContext:831 - Unable to locate ApplicationEventMulticaster with name 'applicationEventMulticaster': using default [org.springframework.context.event.SimpleApplicationEventMulticaster@4501b7af]
2018-11-19 21:28:39 INFO  DefaultListableBeanFactory:596 - Pre-instantiating singletons in org.springframework.beans.factory.support.DefaultListableBeanFactory@246ae04d: defining beans [articleDataBean,com.springExmpl.beans.SimpleBeanPostProcessor#0,com.springExmpl.beans.SimpleBeanPostProcessor2#0,articleMetierBean]; root of factory hierarchy
2018-11-19 21:28:39 DEBUG DefaultListableBeanFactory:246 - Returning cached instance of singleton bean 'com.springExmpl.beans.SimpleBeanPostProcessor#0'
2018-11-19 21:28:39 DEBUG DefaultListableBeanFactory:246 - Returning cached instance of singleton bean 'com.springExmpl.beans.SimpleBeanPostProcessor2#0'
2018-11-19 21:28:39 DEBUG DefaultListableBeanFactory:215 - Creating shared instance of singleton bean 'articleMetierBean'
2018-11-19 21:28:39 DEBUG DefaultListableBeanFactory:435 - Creating instance of bean 'articleMetierBean'
2018-11-19 21:28:39 DEBUG DefaultListableBeanFactory:509 - Eagerly caching bean 'articleMetierBean' to allow for resolving potential circular references
2018-11-19 21:28:39 DEBUG DefaultListableBeanFactory:463 - Finished creating instance of bean 'articleMetierBean'
2018-11-19 21:28:39 DEBUG ClassPathXmlApplicationContext:858 - Unable to locate LifecycleProcessor with name 'lifecycleProcessor': using default [org.springframework.context.support.DefaultLifecycleProcessor@68c4039c]
2018-11-19 21:28:39 DEBUG DefaultListableBeanFactory:246 - Returning cached instance of singleton bean 'lifecycleProcessor'
2018-11-19 21:28:39 DEBUG PropertySourcesPropertyResolver:70 - Searching for key 'spring.liveBeansView.mbeanDomain' in [systemProperties]
2018-11-19 21:28:39 DEBUG PropertySourcesPropertyResolver:70 - Searching for key 'spring.liveBeansView.mbeanDomain' in [systemEnvironment]
2018-11-19 21:28:39 DEBUG PropertySourcesPropertyResolver:93 - Could not find key 'spring.liveBeansView.mbeanDomain' in any property source. Returning [null]
2018-11-19 21:28:39 DEBUG DefaultListableBeanFactory:246 - Returning cached instance of singleton bean 'articleMetierBean'
2018-11-19 21:28:39 DEBUG DefaultListableBeanFactory:435 - Creating instance of bean 'articleDataBean'
2018-11-19 21:28:39 DEBUG DefaultListableBeanFactory:463 - Finished creating instance of bean 'articleDataBean'
2018-11-19 21:28:39 INFO  foo:41 - computePrice
2018-11-19 21:28:39 INFO  ClassPathXmlApplicationContext:1042 - Closing org.springframework.context.support.ClassPathXmlApplicationContext@3b95a09c: startup date [Mon Nov 19 21:28:39 WET 2018]; root of context hierarchy
2018-11-19 21:28:39 DEBUG DefaultListableBeanFactory:246 - Returning cached instance of singleton bean 'lifecycleProcessor'
2018-11-19 21:28:39 INFO  DefaultListableBeanFactory:444 - Destroying singletons in org.springframework.beans.factory.support.DefaultListableBeanFactory@246ae04d: defining beans [articleDataBean,com.springExmpl.beans.SimpleBeanPostProcessor#0,com.springExmpl.beans.SimpleBeanPostProcessor2#0,articleMetierBean]; root of factory hierarchy
